[00:12:28] [Server thread/INFO]: Roccminer[/95.91.227.153:1124] logged in with entity id 3813370 at ([Hammerbrooklyn]-13367.505828547597, 64.0, 2458.127149595934)
[00:13:51] [Server thread/WARN]: Horse moved wrongly!
[00:13:51] [Server thread/WARN]: Horse moved wrongly!
[00:16:50] [Server thread/WARN]: Horse moved wrongly!
[00:16:50] [Server thread/WARN]: Horse moved wrongly!
[00:16:50] [Server thread/WARN]: Horse moved wrongly!
[00:16:50] [Server thread/WARN]: Horse moved wrongly!
[00:19:26] [Server thread/WARN]: Horse moved wrongly!
[00:19:26] [Server thread/WARN]: Horse moved wrongly!
[00:19:26] [Server thread/WARN]: Horse moved wrongly!
[00:19:32] [Server thread/WARN]: Horse moved wrongly!
[00:19:32] [Server thread/WARN]: Horse moved wrongly!
[00:19:32] [Server thread/WARN]: Horse moved wrongly!
[00:19:32] [Server thread/WARN]: Horse moved wrongly!
[00:19:54] [Server thread/WARN]: Horse moved wrongly!
[00:19:55] [Server thread/WARN]: Horse moved wrongly!
[00:19:55] [Server thread/WARN]: Horse moved wrongly!
[00:20:01] [Server thread/WARN]: Can't keep up! Did the system time change, or is the server overloaded? Running 2612ms behind, skipping 52 tick(s)
[00:21:29] [Server thread/WARN]: Can't keep up! Did the system time change, or is the server overloaded? Running 5328ms behind, skipping 106 tick(s)
[00:26:31] [Server thread/WARN]: Can't keep up! Did the system time change, or is the server overloaded? Running 4189ms behind, skipping 83 tick(s)
[00:29:21] [Server thread/WARN]: Can't keep up! Did the system time change, or is the server overloaded? Running 2642ms behind, skipping 52 tick(s)
[00:29:44] [Server thread/WARN]: Can't keep up! Did the system time change, or is the server overloaded? Running 2105ms behind, skipping 42 tick(s)
[00:30:12] [Server thread/WARN]: Can't keep up! Did the system time change, or is the server overloaded? Running 2140ms behind, skipping 42 tick(s)
[00:30:23] [Server thread/WARN]: Horse moved wrongly!
[00:30:23] [Server thread/WARN]: Horse moved wrongly!
[00:30:31] [Server thread/WARN]: Can't keep up! Did the system time change, or is the server overloaded? Running 4666ms behind, skipping 93 tick(s)
[00:30:50] [Server thread/WARN]: Can't keep up! Did the system time change, or is the server overloaded? Running 6463ms behind, skipping 129 tick(s)
[00:31:04] [Server thread/WARN]: Can't keep up! Did the system time change, or is the server overloaded? Running 2071ms behind, skipping 41 tick(s)
[00:31:23] [Server thread/WARN]: Can't keep up! Did the system time change, or is the server overloaded? Running 4893ms behind, skipping 97 tick(s)
[00:31:51] [Server thread/WARN]: Can't keep up! Did the system time change, or is the server overloaded? Running 12419ms behind, skipping 248 tick(s)
[00:32:02] [Server thread/WARN]: Horse moved wrongly!
[00:32:04] [Server thread/WARN]: Can't keep up! Did the system time change, or is the server overloaded? Running 6454ms behind, skipping 129 tick(s)
[00:32:22] [Server thread/WARN]: Can't keep up! Did the system time change, or is the server overloaded? Running 2247ms behind, skipping 44 tick(s)
[00:32:42] [Server thread/WARN]: Can't keep up! Did the system time change, or is the server overloaded? Running 3216ms behind, skipping 64 tick(s)
[00:33:22] [Server thread/WARN]: Can't keep up! Did the system time change, or is the server overloaded? Running 2405ms behind, skipping 48 tick(s)
[00:33:50] [Server thread/WARN]: Can't keep up! Did the system time change, or is the server overloaded? Running 9618ms behind, skipping 192 tick(s)
[00:34:22] [Server thread/WARN]: Can't keep up! Did the system time change, or is the server overloaded? Running 2007ms behind, skipping 40 tick(s)
[00:35:22] [Server thread/WARN]: Can't keep up! Did the system time change, or is the server overloaded? Running 2357ms behind, skipping 47 tick(s)
[00:37:10] [Server thread/WARN]: Can't keep up! Did the system time change, or is the server overloaded? Running 4538ms behind, skipping 90 tick(s)
[00:38:02] [Server thread/WARN]: Roccminer moved wrongly!
[00:39:39] [Server thread/WARN]: Can't keep up! Did the system time change, or is the server overloaded? Running 3748ms behind, skipping 74 tick(s)
[00:39:53] [Server thread/WARN]: Roccminer moved too quickly! 11590.37021456198,-29.0,-4090.307059878308
[00:39:56] [Server thread/WARN]: Can't keep up! Did the system time change, or is the server overloaded? Running 2863ms behind, skipping 57 tick(s)
[00:42:02] [Server thread/WARN]: Can't keep up! Did the system time change, or is the server overloaded? Running 2284ms behind, skipping 45 tick(s)
[00:42:11] [Server thread/WARN]: Roccminer moved too quickly! -11707.709727544203,20.0,2150.2044198596714
[00:42:23] [Server thread/WARN]: Can't keep up! Did the system time change, or is the server overloaded? Running 4014ms behind, skipping 80 tick(s)
[00:42:26] [Server thread/WARN]: Horse moved wrongly!
[00:42:28] [Server thread/WARN]: Horse moved wrongly!
[00:42:28] [Server thread/WARN]: Horse moved wrongly!
[00:42:28] [Server thread/WARN]: Horse moved wrongly!
[00:42:28] [Server thread/WARN]: Horse moved wrongly!
[00:42:28] [Server thread/WARN]: Horse moved wrongly!
[00:42:28] [Server thread/WARN]: Horse moved wrongly!
[00:42:28] [Server thread/WARN]: Horse moved wrongly!
[00:42:28] [Server thread/WARN]: Horse moved wrongly!
[00:42:28] [Server thread/WARN]: Horse moved wrongly!
[00:42:28] [Server thread/WARN]: Horse moved wrongly!
[00:42:28] [Server thread/WARN]: Horse moved wrongly!
[00:50:11] [Server thread/INFO]: Roccminer lost connection: Disconnected
[00:50:11] [Server thread/INFO]: Roccminer left the game.
[11:21:05] [Server thread/INFO]: Saving...
[11:21:05] [Server thread/INFO]: Saved the world
[11:21:07] [Thread-4/INFO]: Stopping server
[11:21:07] [Thread-4/INFO]: [dynmap] Disabling dynmap v2.3-1142
